<?xml version="1.0" encoding="UTF-8"?>
<!-- Generated by org.testng.reporters.JUnitXMLReporter -->
<testsuite ignored="8" hostname="DESKTOP-601D2VQ" failures="0" tests="1" name="Default test" time="9.96" errors="0" timestamp="2024-03-16T22:57:56 EET">
  <testcase classname="automationteststore.TestStore$TestArbi" name="navigat" time="9.739"/>
  <testcase classname="automationteststore.TestStore$TestArbi" name="login" time="0.0">
    <ignored/>
  </testcase> <!-- login -->
  <testcase classname="automationteststore.TestStore$TestArbi" name="contactnumberinthefooter" time="0.0">
    <ignored/>
  </testcase> <!-- contactnumberinthefooter -->
  <testcase classname="automationteststore.TestStore$TestArbi" name="haircaresection" time="0.0">
    <ignored/>
  </testcase> <!-- haircaresection -->
  <testcase classname="automationteststore.TestStore$TestArbi" name="addallitems" time="0.0">
    <ignored/>
  </testcase> <!-- addallitems -->
  <testcase classname="automationteststore.TestStore$TestArbi" name="signup" time="0.0">
    <ignored/>
  </testcase> <!-- signup -->
  <testcase classname="automationteststore.TestStore$TestArbi" name="printalltheitems" time="0.0">
    <ignored/>
  </testcase> <!-- printalltheitems -->
  <testcase classname="automationteststore.TestStore$TestArbi" name="sumOfProduct" time="0.0">
    <ignored/>
  </testcase> <!-- sumOfProduct -->
  <testcase classname="automationteststore.TestStore$TestArbi" name="sumoftheprices" time="0.0">
    <ignored/>
  </testcase> <!-- sumoftheprices -->
</testsuite> <!-- Default test -->
