<?xml version="1.0" encoding="UTF-8"?>
<testng-results ignored="8" total="9" passed="1" failed="0" skipped="0">
  <reporter-output>
  </reporter-output>
  <suite started-at="2024-03-16T22:57:46 EET" name="Default suite" finished-at="2024-03-16T22:57:56 EET" duration-ms="9960">
    <groups>
    </groups>
    <test started-at="2024-03-16T22:57:46 EET" name="Default test" finished-at="2024-03-16T22:57:56 EET" duration-ms="9960">
      <class name="automationteststore.TestStore$TestArbi">
        <test-method is-config="true" signature="sutup()[pri:0, instance:automationteststore.TestStore$TestArbi@1e044120]" started-at="2024-03-16T22:57:46 EET" name="sutup" finished-at="2024-03-16T22:57:46 EET" duration-ms="153" status="PASS">
          <reporter-output>
          </reporter-output>
        </test-method> <!-- sutup -->
        <test-method signature="navigat()[pri:0, instance:automationteststore.TestStore$TestArbi@1e044120]" started-at="2024-03-16T22:57:47 EET" name="navigat" finished-at="2024-03-16T22:57:56 EET" duration-ms="9739" status="PASS">
          <reporter-output>
          </reporter-output>
        </test-method> <!-- navigat -->
        <test-method is-config="true" signature="enftest()[pri:0, instance:automationteststore.TestStore$TestArbi@1e044120]" started-at="2024-03-16T22:57:56 EET" name="enftest" finished-at="2024-03-16T22:57:56 EET" duration-ms="0" status="PASS">
          <reporter-output>
          </reporter-output>
        </test-method> <!-- enftest -->
      </class> <!-- automationteststore.TestStore$TestArbi -->
    </test> <!-- Default test -->
  </suite> <!-- Default suite -->
</testng-results>
